<?xml version="1.0" encoding="UTF-8"?>
<!-- Generated by org.testng.reporters.JUnitXMLReporter -->
<testsuite ignored="0" hostname="Varsha-PC" failures="0" tests="3" name="Default test" time="25.753" errors="0" timestamp="2021-09-07T07:43:39 IST">
  <testcase classname="testing.KolkathaMaven.ParallelExecution" name="googleTest" time="7.983"/>
  <testcase classname="testing.KolkathaMaven.ParallelExecution" name="googleTest1" time="6.953"/>
  <testcase classname="testing.KolkathaMaven.ParallelExecution" name="googleTest2" time="10.697"/>
</testsuite> <!-- Default test -->
