<?xml version="1.0" encoding="UTF-8"?>
<!-- Generated by org.testng.reporters.JUnitXMLReporter -->
<testsuite ignored="0" hostname="Varsha-PC" failures="0" tests="6" name="Test" time="38.884" errors="0" timestamp="2021-09-07T08:10:57 IST">
  <testcase classname="testing.KolkathaMaven.ParallelExecution" name="googleTest" time="10.528"/>
  <testcase classname="testing.KolkathaMaven.ParallelExecution2" name="googleTest" time="14.477"/>
  <testcase classname="testing.KolkathaMaven.ParallelExecution" name="googleTest1" time="7.278"/>
  <testcase classname="testing.KolkathaMaven.ParallelExecution2" name="googleTest1" time="10.798"/>
  <testcase classname="testing.KolkathaMaven.ParallelExecution" name="googleTest2" time="17.769"/>
  <testcase classname="testing.KolkathaMaven.ParallelExecution2" name="googleTest2" time="13.472"/>
</testsuite> <!-- Test -->
